This file contains any messages produced by compilers while
running configure, to aid debugging if configure makes a mistake.

It was created by LZMA configure 4.32.0beta5, which was
generated by GNU Autoconf 2.61.  Invocation command line was

  $ ./configure 

## --------- ##
## Platform. ##
## --------- ##

hostname = compiler
uname -m = x86_64
uname -r = 2.6.18-1.2798.fc6
uname -s = Linux
uname -v = #1 SMP Mon Oct 16 14:39:22 EDT 2006

/usr/bin/uname -p = unknown
/bin/uname -X     = unknown

/bin/arch              = x86_64
/usr/bin/arch -k       = unknown
/usr/convex/getsysinfo = unknown
/usr/bin/hostinfo      = unknown
/bin/machine           = unknown
/usr/bin/oslevel       = unknown
/bin/universe          = unknown

PATH: /usr/kerberos/bin
PATH: /usr/local/bin
PATH: /bin
PATH: /usr/bin
PATH: /opt/surfmilo/cross-dev/usr/bin
PATH: /opt/toolchain-89/bin
PATH: /home/steven/bin
PATH: /sbin
PATH: /opt/toolchain-89/bin/


## ----------- ##
## Core tests. ##
## ----------- ##

configure:1947: checking if debugging code should be compiled
configure:1967: result: no
configure:2020: checking for a BSD-compatible install
configure:2076: result: /usr/bin/install -c
configure:2087: checking whether build environment is sane
configure:2130: result: yes
configure:2158: checking for a thread-safe mkdir -p
configure:2197: result: /bin/mkdir -p
configure:2210: checking for gawk
configure:2226: found /bin/gawk
configure:2237: result: gawk
configure:2248: checking whether make sets $(MAKE)
configure:2269: result: yes
configure:2517: checking for g++
configure:2533: found /usr/bin/g++
configure:2544: result: g++
configure:2575: checking for C++ compiler version
configure:2582: g++ --version >&5
g++ (GCC) 4.1.1 20061011 (Red Hat 4.1.1-30)
Copyright (C) 2006 Free Software Foundation, Inc.
This is free software; see the source for copying conditions.  There is NO
warranty; not even for MERCHANTABILITY or FITNESS FOR A PARTICULAR PURPOSE.

configure:2585: $? = 0
configure:2592: g++ -v >&5
Using built-in specs.
Target: x86_64-redhat-linux
Configured with: ../configure --prefix=/usr --mandir=/usr/share/man --infodir=/usr/share/info --enable-shared --enable-threads=posix --enable-checking=release --with-system-zlib --enable-__cxa_atexit --disable-libunwind-exceptions --enable-libgcj-multifile --enable-languages=c,c++,objc,obj-c++,java,fortran,ada --enable-java-awt=gtk --disable-dssi --enable-plugin --with-java-home=/usr/lib/jvm/java-1.4.2-gcj-1.4.2.0/jre --with-cpu=generic --host=x86_64-redhat-linux
Thread model: posix
gcc version 4.1.1 20061011 (Red Hat 4.1.1-30)
configure:2595: $? = 0
configure:2602: g++ -V >&5
g++: '-V' option must have argument
configure:2605: $? = 1
configure:2628: checking for C++ compiler default output file name
configure:2655: g++    conftest.cpp  >&5
configure:2658: $? = 0
configure:2696: result: a.out
configure:2713: checking whether the C++ compiler works
configure:2723: ./a.out
configure:2726: $? = 0
configure:2743: result: yes
configure:2750: checking whether we are cross compiling
configure:2752: result: no
configure:2755: checking for suffix of executables
configure:2762: g++ -o conftest    conftest.cpp  >&5
configure:2765: $? = 0
configure:2789: result: 
configure:2795: checking for suffix of object files
configure:2821: g++ -c   conftest.cpp >&5
configure:2824: $? = 0
configure:2847: result: o
configure:2851: checking whether we are using the GNU C++ compiler
configure:2880: g++ -c   conftest.cpp >&5
configure:2886: $? = 0
configure:2903: result: yes
configure:2908: checking whether g++ accepts -g
configure:2938: g++ -c -g  conftest.cpp >&5
configure:2944: $? = 0
configure:3043: result: yes
configure:3077: checking for style of include used by make
configure:3105: result: GNU
configure:3130: checking dependency style of g++
configure:3221: result: gcc3
configure:3284: checking for gcc
configure:3300: found /usr/bin/gcc
configure:3311: result: gcc
configure:3549: checking for C compiler version
configure:3556: gcc --version >&5
gcc (GCC) 4.1.1 20061011 (Red Hat 4.1.1-30)
Copyright (C) 2006 Free Software Foundation, Inc.
This is free software; see the source for copying conditions.  There is NO
warranty; not even for MERCHANTABILITY or FITNESS FOR A PARTICULAR PURPOSE.

configure:3559: $? = 0
configure:3566: gcc -v >&5
Using built-in specs.
Target: x86_64-redhat-linux
Configured with: ../configure --prefix=/usr --mandir=/usr/share/man --infodir=/usr/share/info --enable-shared --enable-threads=posix --enable-checking=release --with-system-zlib --enable-__cxa_atexit --disable-libunwind-exceptions --enable-libgcj-multifile --enable-languages=c,c++,objc,obj-c++,java,fortran,ada --enable-java-awt=gtk --disable-dssi --enable-plugin --with-java-home=/usr/lib/jvm/java-1.4.2-gcj-1.4.2.0/jre --with-cpu=generic --host=x86_64-redhat-linux
Thread model: posix
gcc version 4.1.1 20061011 (Red Hat 4.1.1-30)
configure:3569: $? = 0
configure:3576: gcc -V >&5
gcc: '-V' option must have argument
configure:3579: $? = 1
configure:3582: checking whether we are using the GNU C compiler
configure:3611: gcc -c   conftest.c >&5
configure:3617: $? = 0
configure:3634: result: yes
configure:3639: checking whether gcc accepts -g
configure:3669: gcc -c -g  conftest.c >&5
configure:3675: $? = 0
configure:3774: result: yes
configure:3791: checking for gcc option to accept ISO C89
configure:3865: gcc  -c -g -O2  conftest.c >&5
configure:3871: $? = 0
configure:3894: result: none needed
configure:3914: checking dependency style of gcc
configure:4005: result: gcc3
configure:4025: checking how to run the C preprocessor
configure:4065: gcc -E  conftest.c
configure:4071: $? = 0
configure:4102: gcc -E  conftest.c
conftest.c:11:28: error: ac_nonexistent.h: No such file or directory
configure:4108: $? = 1
configure: failed program was:
| /* confdefs.h.  */
| #define PACKAGE_NAME "LZMA"
| #define PACKAGE_TARNAME "lzma"
| #define PACKAGE_VERSION "4.32.0beta5"
| #define PACKAGE_STRING "LZMA 4.32.0beta5"
| #define PACKAGE_BUGREPORT "lasse.collin@tukaani.org"
| #define NDEBUG 1
| #define PACKAGE "lzma"
| #define VERSION "4.32.0beta5"
| /* end confdefs.h.  */
| #include <ac_nonexistent.h>
configure:4141: result: gcc -E
configure:4170: gcc -E  conftest.c
configure:4176: $? = 0
configure:4207: gcc -E  conftest.c
conftest.c:11:28: error: ac_nonexistent.h: No such file or directory
configure:4213: $? = 1
configure: failed program was:
| /* confdefs.h.  */
| #define PACKAGE_NAME "LZMA"
| #define PACKAGE_TARNAME "lzma"
| #define PACKAGE_VERSION "4.32.0beta5"
| #define PACKAGE_STRING "LZMA 4.32.0beta5"
| #define PACKAGE_BUGREPORT "lasse.collin@tukaani.org"
| #define NDEBUG 1
| #define PACKAGE "lzma"
| #define VERSION "4.32.0beta5"
| /* end confdefs.h.  */
| #include <ac_nonexistent.h>
configure:4263: checking for a BSD-compatible install
configure:4319: result: /usr/bin/install -c
configure:4330: checking whether ln -s works
configure:4334: result: yes
configure:4341: checking whether make sets $(MAKE)
configure:4362: result: yes
configure:4449: checking build system type
configure:4467: result: x86_64-unknown-linux-gnu
configure:4489: checking host system type
configure:4504: result: x86_64-unknown-linux-gnu
configure:4526: checking for a sed that does not truncate output
configure:4580: result: /bin/sed
configure:4583: checking for grep that handles long lines and -e
configure:4657: result: /bin/grep
configure:4662: checking for egrep
configure:4740: result: /bin/grep -E
configure:4756: checking for ld used by gcc
configure:4823: result: /usr/bin/ld
configure:4832: checking if the linker (/usr/bin/ld) is GNU ld
configure:4847: result: yes
configure:4852: checking for /usr/bin/ld option to reload object files
configure:4859: result: -r
configure:4877: checking for BSD-compatible nm
configure:4926: result: /usr/bin/nm -B
configure:4930: checking how to recognise dependent libraries
configure:5106: result: pass_all
configure:5194: gcc -c -g -O2  conftest.c >&5
configure:5197: $? = 0
configure:5336: checking for ANSI C header files
configure:5366: gcc -c -g -O2  conftest.c >&5
configure:5372: $? = 0
configure:5471: gcc -o conftest -g -O2   conftest.c  >&5
configure:5474: $? = 0
configure:5480: ./conftest
configure:5483: $? = 0
configure:5500: result: yes
configure:5524: checking for sys/types.h
configure:5545: gcc -c -g -O2  conftest.c >&5
configure:5551: $? = 0
configure:5567: result: yes
configure:5524: checking for sys/stat.h
configure:5545: gcc -c -g -O2  conftest.c >&5
configure:5551: $? = 0
configure:5567: result: yes
configure:5524: checking for stdlib.h
configure:5545: gcc -c -g -O2  conftest.c >&5
configure:5551: $? = 0
configure:5567: result: yes
configure:5524: checking for string.h
configure:5545: gcc -c -g -O2  conftest.c >&5
configure:5551: $? = 0
configure:5567: result: yes
configure:5524: checking for memory.h
configure:5545: gcc -c -g -O2  conftest.c >&5
configure:5551: $? = 0
configure:5567: result: yes
configure:5524: checking for strings.h
configure:5545: gcc -c -g -O2  conftest.c >&5
configure:5551: $? = 0
configure:5567: result: yes
configure:5524: checking for inttypes.h
configure:5545: gcc -c -g -O2  conftest.c >&5
configure:5551: $? = 0
configure:5567: result: yes
configure:5524: checking for stdint.h
configure:5545: gcc -c -g -O2  conftest.c >&5
configure:5551: $? = 0
configure:5567: result: yes
configure:5524: checking for unistd.h
configure:5545: gcc -c -g -O2  conftest.c >&5
configure:5551: $? = 0
configure:5567: result: yes
configure:5594: checking dlfcn.h usability
configure:5611: gcc -c -g -O2  conftest.c >&5
configure:5617: $? = 0
configure:5631: result: yes
configure:5635: checking dlfcn.h presence
configure:5650: gcc -E  conftest.c
configure:5656: $? = 0
configure:5670: result: yes
configure:5703: checking for dlfcn.h
configure:5711: result: yes
configure:5734: checking how to run the C++ preprocessor
configure:5770: g++ -E  conftest.cpp
configure:5776: $? = 0
configure:5807: g++ -E  conftest.cpp
conftest.cpp:22:28: error: ac_nonexistent.h: No such file or directory
configure:5813: $? = 1
configure: failed program was:
| /* confdefs.h.  */
| #define PACKAGE_NAME "LZMA"
| #define PACKAGE_TARNAME "lzma"
| #define PACKAGE_VERSION "4.32.0beta5"
| #define PACKAGE_STRING "LZMA 4.32.0beta5"
| #define PACKAGE_BUGREPORT "lasse.collin@tukaani.org"
| #define NDEBUG 1
| #define PACKAGE "lzma"
| #define VERSION "4.32.0beta5"
| #define STDC_HEADERS 1
| #define HAVE_SYS_TYPES_H 1
| #define HAVE_SYS_STAT_H 1
| #define HAVE_STDLIB_H 1
| #define HAVE_STRING_H 1
| #define HAVE_MEMORY_H 1
| #define HAVE_STRINGS_H 1
| #define HAVE_INTTYPES_H 1
| #define HAVE_STDINT_H 1
| #define HAVE_UNISTD_H 1
| #define HAVE_DLFCN_H 1
| /* end confdefs.h.  */
| #include <ac_nonexistent.h>
configure:5846: result: g++ -E
configure:5875: g++ -E  conftest.cpp
configure:5881: $? = 0
configure:5912: g++ -E  conftest.cpp
conftest.cpp:22:28: error: ac_nonexistent.h: No such file or directory
configure:5918: $? = 1
configure: failed program was:
| /* confdefs.h.  */
| #define PACKAGE_NAME "LZMA"
| #define PACKAGE_TARNAME "lzma"
| #define PACKAGE_VERSION "4.32.0beta5"
| #define PACKAGE_STRING "LZMA 4.32.0beta5"
| #define PACKAGE_BUGREPORT "lasse.collin@tukaani.org"
| #define NDEBUG 1
| #define PACKAGE "lzma"
| #define VERSION "4.32.0beta5"
| #define STDC_HEADERS 1
| #define HAVE_SYS_TYPES_H 1
| #define HAVE_SYS_STAT_H 1
| #define HAVE_STDLIB_H 1
| #define HAVE_STRING_H 1
| #define HAVE_MEMORY_H 1
| #define HAVE_STRINGS_H 1
| #define HAVE_INTTYPES_H 1
| #define HAVE_STDINT_H 1
| #define HAVE_UNISTD_H 1
| #define HAVE_DLFCN_H 1
| /* end confdefs.h.  */
| #include <ac_nonexistent.h>
configure:6068: checking for Fortran 77 compiler version
configure:6075: no --version >&5
./configure: line 6076: no: command not found
configure:6078: $? = 127
configure:6085: no -v >&5
./configure: line 6086: no: command not found
configure:6088: $? = 127
configure:6095: no -V >&5
./configure: line 6096: no: command not found
configure:6098: $? = 127
configure:6106: checking whether we are using the GNU Fortran 77 compiler
configure:6125: no -c  conftest.F >&5
./configure: line 6126: no: command not found
configure:6131: $? = 127
configure: failed program was:
|       program main
| #ifndef __GNUC__
|        choke me
| #endif
| 
|       end
configure:6148: result: no
configure:6154: checking whether no accepts -g
configure:6171: no -c -g conftest.f >&5
./configure: line 6172: no: command not found
configure:6177: $? = 127
configure: failed program was:
|       program main
| 
|       end
configure:6193: result: no
configure:6223: checking the maximum length of command line arguments
configure:6332: result: 32768
configure:6343: checking command to parse /usr/bin/nm -B output from gcc object
configure:6448: gcc -c -g -O2  conftest.c >&5
configure:6451: $? = 0
configure:6455: /usr/bin/nm -B conftest.o \| sed -n -e 's/^.*[ 	]\([ABCDGIRSTW][ABCDGIRSTW]*\)[ 	][ 	]*\([_A-Za-z][_A-Za-z0-9]*\)$/\1 \2 \2/p' \> conftest.nm
configure:6458: $? = 0
configure:6510: gcc -o conftest -g -O2   conftest.c conftstm.o >&5
configure:6513: $? = 0
configure:6551: result: ok
configure:6555: checking for objdir
configure:6570: result: .libs
configure:6662: checking for ar
configure:6678: found /usr/bin/ar
configure:6689: result: ar
configure:6758: checking for ranlib
configure:6774: found /usr/bin/ranlib
configure:6785: result: ranlib
configure:6854: checking for strip
configure:6870: found /usr/bin/strip
configure:6881: result: strip
configure:7167: checking if gcc supports -fno-rtti -fno-exceptions
configure:7185: gcc -c -g -O2  -fno-rtti -fno-exceptions conftest.c >&5
cc1: warning: command line option "-fno-rtti" is valid for C++/ObjC++ but not for C
configure:7189: $? = 0
configure:7202: result: no
configure:7217: checking for gcc option to produce PIC
configure:7427: result: -fPIC
configure:7435: checking if gcc PIC flag -fPIC works
configure:7453: gcc -c -g -O2  -fPIC -DPIC conftest.c >&5
configure:7457: $? = 0
configure:7470: result: yes
configure:7498: checking if gcc static flag -static works
configure:7526: result: yes
configure:7536: checking if gcc supports -c -o file.o
configure:7557: gcc -c -g -O2  -o out/conftest2.o conftest.c >&5
configure:7561: $? = 0
configure:7583: result: yes
configure:7609: checking whether the gcc linker (/usr/bin/ld -m elf_x86_64) supports shared libraries
configure:8563: result: yes
configure:8584: checking whether -lc should be explicitly linked in
configure:8589: gcc -c -g -O2  conftest.c >&5
configure:8592: $? = 0
configure:8607: gcc -shared conftest.o  -v -Wl,-soname -Wl,conftest -o conftest 2\>\&1 \| grep  -lc  \>/dev/null 2\>\&1
configure:8610: $? = 0
configure:8622: result: no
configure:8630: checking dynamic linker characteristics
configure:9218: result: GNU/Linux ld.so
configure:9227: checking how to hardcode library paths into programs
configure:9252: result: immediate
configure:9266: checking whether stripping libraries is possible
configure:9271: result: yes
configure:10072: checking if libtool supports shared libraries
configure:10074: result: yes
configure:10077: checking whether to build shared libraries
configure:10098: result: yes
configure:10101: checking whether to build static libraries
configure:10105: result: yes
configure:10197: creating libtool
configure:10785: checking for ld used by g++
configure:10852: result: /usr/bin/ld -m elf_x86_64
configure:10861: checking if the linker (/usr/bin/ld -m elf_x86_64) is GNU ld
configure:10876: result: yes
configure:10927: checking whether the g++ linker (/usr/bin/ld -m elf_x86_64) supports shared libraries
configure:11861: result: yes
configure:11879: g++ -c -g -O2  conftest.cpp >&5
configure:11882: $? = 0
configure:12001: checking for g++ option to produce PIC
configure:12275: result: -fPIC
configure:12283: checking if g++ PIC flag -fPIC works
configure:12301: g++ -c -g -O2  -fPIC -DPIC conftest.cpp >&5
configure:12305: $? = 0
configure:12318: result: yes
configure:12346: checking if g++ static flag -static works
configure:12374: result: yes
configure:12384: checking if g++ supports -c -o file.o
configure:12405: g++ -c -g -O2  -o out/conftest2.o conftest.cpp >&5
configure:12409: $? = 0
configure:12431: result: yes
configure:12457: checking whether the g++ linker (/usr/bin/ld -m elf_x86_64) supports shared libraries
configure:12482: result: yes
configure:12549: checking dynamic linker characteristics
configure:13137: result: GNU/Linux ld.so
configure:13146: checking how to hardcode library paths into programs
configure:13171: result: immediate
configure:19315: checking for ANSI C header files
configure:19479: result: yes
configure:19514: checking fcntl.h usability
configure:19531: gcc -c -g -O2  conftest.c >&5
configure:19537: $? = 0
configure:19551: result: yes
configure:19555: checking fcntl.h presence
configure:19570: gcc -E  conftest.c
configure:19576: $? = 0
configure:19590: result: yes
configure:19623: checking for fcntl.h
configure:19631: result: yes
configure:19514: checking getopt.h usability
configure:19531: gcc -c -g -O2  conftest.c >&5
configure:19537: $? = 0
configure:19551: result: yes
configure:19555: checking getopt.h presence
configure:19570: gcc -E  conftest.c
configure:19576: $? = 0
configure:19590: result: yes
configure:19623: checking for getopt.h
configure:19631: result: yes
configure:19504: checking for inttypes.h
configure:19510: result: yes
configure:19514: checking stddef.h usability
configure:19531: gcc -c -g -O2  conftest.c >&5
configure:19537: $? = 0
configure:19551: result: yes
configure:19555: checking stddef.h presence
configure:19570: gcc -E  conftest.c
configure:19576: $? = 0
configure:19590: result: yes
configure:19623: checking for stddef.h
configure:19631: result: yes
configure:19504: checking for stdlib.h
configure:19510: result: yes
configure:19504: checking for string.h
configure:19510: result: yes
configure:19514: checking sys/time.h usability
configure:19531: gcc -c -g -O2  conftest.c >&5
configure:19537: $? = 0
configure:19551: result: yes
configure:19555: checking sys/time.h presence
configure:19570: gcc -E  conftest.c
configure:19576: $? = 0
configure:19590: result: yes
configure:19623: checking for sys/time.h
configure:19631: result: yes
configure:19504: checking for unistd.h
configure:19510: result: yes
configure:19514: checking utime.h usability
configure:19531: gcc -c -g -O2  conftest.c >&5
configure:19537: $? = 0
configure:19551: result: yes
configure:19555: checking utime.h presence
configure:19570: gcc -E  conftest.c
configure:19576: $? = 0
configure:19590: result: yes
configure:19623: checking for utime.h
configure:19631: result: yes
configure:19664: checking errno.h usability
configure:19681: gcc -c -g -O2  conftest.c >&5
configure:19687: $? = 0
configure:19701: result: yes
configure:19705: checking errno.h presence
configure:19720: gcc -E  conftest.c
configure:19726: $? = 0
configure:19740: result: yes
configure:19773: checking for errno.h
configure:19781: result: yes
configure:19796: checking for stdbool.h that conforms to C99
configure:19889: gcc -c -g -O2  conftest.c >&5
configure:19895: $? = 0
configure:19910: result: yes
configure:19912: checking for _Bool
configure:19942: gcc -c -g -O2  conftest.c >&5
configure:19948: $? = 0
configure:19963: result: yes
configure:19982: checking whether time.h and sys/time.h may both be included
configure:20012: gcc -c -g -O2  conftest.c >&5
configure:20018: $? = 0
configure:20033: result: yes
configure:20043: checking for an ANSI C-conforming const
configure:20118: gcc -c -g -O2  conftest.c >&5
configure:20124: $? = 0
configure:20139: result: yes
configure:20149: checking for inline
configure:20175: gcc -c -g -O2  conftest.c >&5
configure:20181: $? = 0
configure:20199: result: inline
configure:20219: checking for mode_t
configure:20249: gcc -c -g -O2  conftest.c >&5
configure:20255: $? = 0
configure:20270: result: yes
configure:20282: checking for off_t
configure:20312: gcc -c -g -O2  conftest.c >&5
configure:20318: $? = 0
configure:20333: result: yes
configure:20345: checking for size_t
configure:20375: gcc -c -g -O2  conftest.c >&5
configure:20381: $? = 0
configure:20396: result: yes
configure:20408: checking for int_fast8_t
configure:20438: gcc -c -g -O2  conftest.c >&5
configure:20444: $? = 0
configure:20459: result: yes
configure:20471: checking for uint_fast8_t
configure:20501: gcc -c -g -O2  conftest.c >&5
configure:20507: $? = 0
configure:20522: result: yes
configure:20534: checking for int_fast16_t
configure:20564: gcc -c -g -O2  conftest.c >&5
configure:20570: $? = 0
configure:20585: result: yes
configure:20597: checking for uint_fast16_t
configure:20627: gcc -c -g -O2  conftest.c >&5
configure:20633: $? = 0
configure:20648: result: yes
configure:20660: checking for int_fast32_t
configure:20690: gcc -c -g -O2  conftest.c >&5
configure:20696: $? = 0
configure:20711: result: yes
configure:20723: checking for uint_fast32_t
configure:20753: gcc -c -g -O2  conftest.c >&5
configure:20759: $? = 0
configure:20774: result: yes
configure:20786: checking for int_fast64_t
configure:20816: gcc -c -g -O2  conftest.c >&5
configure:20822: $? = 0
configure:20837: result: yes
configure:20849: checking for uint_fast64_t
configure:20879: gcc -c -g -O2  conftest.c >&5
configure:20885: $? = 0
configure:20900: result: yes
configure:20920: checking for special C compiler options needed for large files
configure:21013: result: no
configure:21019: checking for _FILE_OFFSET_BITS value needed for large files
configure:21054: gcc -c -g -O2  conftest.c >&5
configure:21060: $? = 0
configure:21128: result: no
configure:21270: checking for stdlib.h
configure:21276: result: yes
configure:21410: checking for GNU libc compatible malloc
configure:21444: gcc -o conftest -g -O2   conftest.c  >&5
configure:21447: $? = 0
configure:21453: ./conftest
configure:21456: $? = 0
configure:21472: result: yes
configure:21500: checking whether lstat dereferences a symlink specified with a trailing slash
configure:21536: gcc -o conftest -g -O2   conftest.c  >&5
configure:21539: $? = 0
configure:21545: ./conftest
configure:21548: $? = 0
configure:21571: result: yes
configure:21590: checking whether lstat accepts an empty string
configure:21620: gcc -o conftest -g -O2   conftest.c  >&5
configure:21623: $? = 0
configure:21629: ./conftest
configure:21632: $? = 0
configure:21648: result: no
configure:21674: checking for memmove
configure:21730: gcc -o conftest -g -O2   conftest.c  >&5
conftest.c:62: warning: conflicting types for built-in function 'memmove'
configure:21736: $? = 0
configure:21754: result: yes
configure:21674: checking for strdup
configure:21730: gcc -o conftest -g -O2   conftest.c  >&5
conftest.c:63: warning: conflicting types for built-in function 'strdup'
configure:21736: $? = 0
configure:21754: result: yes
configure:21674: checking for memset
configure:21730: gcc -o conftest -g -O2   conftest.c  >&5
conftest.c:64: warning: conflicting types for built-in function 'memset'
configure:21736: $? = 0
configure:21754: result: yes
configure:21674: checking for strerror
configure:21730: gcc -o conftest -g -O2   conftest.c  >&5
configure:21736: $? = 0
configure:21754: result: yes
configure:21674: checking for strrchr
configure:21730: gcc -o conftest -g -O2   conftest.c  >&5
conftest.c:66: warning: conflicting types for built-in function 'strrchr'
configure:21736: $? = 0
configure:21754: result: yes
configure:21674: checking for strtol
configure:21730: gcc -o conftest -g -O2   conftest.c  >&5
configure:21736: $? = 0
configure:21754: result: yes
configure:21674: checking for futimes
configure:21730: gcc -o conftest -g -O2   conftest.c  >&5
configure:21736: $? = 0
configure:21754: result: yes
configure:21888: creating ./config.status

## ---------------------- ##
## Running config.status. ##
## ---------------------- ##

This file was extended by LZMA config.status 4.32.0beta5, which was
generated by GNU Autoconf 2.61.  Invocation command line was

  CONFIG_FILES    = 
  CONFIG_HEADERS  = 
  CONFIG_LINKS    = 
  CONFIG_COMMANDS = 
  $ ./config.status 

on compiler

config.status:678: creating Makefile
config.status:678: creating src/Makefile
config.status:678: creating src/liblzmadec/Makefile
config.status:678: creating src/lzmadec/Makefile
config.status:678: creating src/lzmainfo/Makefile
config.status:678: creating src/lzma/Makefile
config.status:678: creating src/scripts/Makefile
config.status:678: creating src/sdk/7zip/Common/Makefile
config.status:678: creating src/sdk/7zip/Compress/LZ/Makefile
config.status:678: creating src/sdk/7zip/Compress/LZMA/Makefile
config.status:678: creating src/sdk/7zip/Compress/LZMA_C/Makefile
config.status:678: creating src/sdk/7zip/Compress/Makefile
config.status:678: creating src/sdk/7zip/Compress/RangeCoder/Makefile
config.status:678: creating src/sdk/7zip/Makefile
config.status:678: creating src/sdk/Common/Makefile
config.status:678: creating src/sdk/Makefile
config.status:678: creating config.h
config.status:976: executing depfiles commands

## ---------------- ##
## Cache variables. ##
## ---------------- ##

ac_cv_build=x86_64-unknown-linux-gnu
ac_cv_c_compiler_gnu=yes
ac_cv_c_const=yes
ac_cv_c_inline=inline
ac_cv_cxx_compiler_gnu=yes
ac_cv_env_CCC_set=
ac_cv_env_CCC_value=
ac_cv_env_CC_set=
ac_cv_env_CC_value=
ac_cv_env_CFLAGS_set=
ac_cv_env_CFLAGS_value=
ac_cv_env_CPPFLAGS_set=
ac_cv_env_CPPFLAGS_value=
ac_cv_env_CPP_set=
ac_cv_env_CPP_value=
ac_cv_env_CXXCPP_set=
ac_cv_env_CXXCPP_value=
ac_cv_env_CXXFLAGS_set=
ac_cv_env_CXXFLAGS_value=
ac_cv_env_CXX_set=
ac_cv_env_CXX_value=
ac_cv_env_F77_set=
ac_cv_env_F77_value=
ac_cv_env_FFLAGS_set=
ac_cv_env_FFLAGS_value=
ac_cv_env_LDFLAGS_set=
ac_cv_env_LDFLAGS_value=
ac_cv_env_LIBS_set=
ac_cv_env_LIBS_value=
ac_cv_env_build_alias_set=
ac_cv_env_build_alias_value=
ac_cv_env_host_alias_set=
ac_cv_env_host_alias_value=
ac_cv_env_target_alias_set=
ac_cv_env_target_alias_value=
ac_cv_f77_compiler_gnu=no
ac_cv_func_futimes=yes
ac_cv_func_lstat_dereferences_slashed_symlink=yes
ac_cv_func_lstat_empty_string_bug=no
ac_cv_func_malloc_0_nonnull=yes
ac_cv_func_memmove=yes
ac_cv_func_memset=yes
ac_cv_func_strdup=yes
ac_cv_func_strerror=yes
ac_cv_func_strrchr=yes
ac_cv_func_strtol=yes
ac_cv_header_dlfcn_h=yes
ac_cv_header_errno_h=yes
ac_cv_header_fcntl_h=yes
ac_cv_header_getopt_h=yes
ac_cv_header_inttypes_h=yes
ac_cv_header_memory_h=yes
ac_cv_header_stdbool_h=yes
ac_cv_header_stdc=yes
ac_cv_header_stddef_h=yes
ac_cv_header_stdint_h=yes
ac_cv_header_stdlib_h=yes
ac_cv_header_string_h=yes
ac_cv_header_strings_h=yes
ac_cv_header_sys_stat_h=yes
ac_cv_header_sys_time_h=yes
ac_cv_header_sys_types_h=yes
ac_cv_header_time=yes
ac_cv_header_unistd_h=yes
ac_cv_header_utime_h=yes
ac_cv_host=x86_64-unknown-linux-gnu
ac_cv_objext=o
ac_cv_path_EGREP='/bin/grep -E'
ac_cv_path_GREP=/bin/grep
ac_cv_path_install='/usr/bin/install -c'
ac_cv_path_mkdir=/bin/mkdir
ac_cv_prog_AWK=gawk
ac_cv_prog_CPP='gcc -E'
ac_cv_prog_CXXCPP='g++ -E'
ac_cv_prog_ac_ct_AR=ar
ac_cv_prog_ac_ct_CC=gcc
ac_cv_prog_ac_ct_CXX=g++
ac_cv_prog_ac_ct_RANLIB=ranlib
ac_cv_prog_ac_ct_STRIP=strip
ac_cv_prog_cc_c89=
ac_cv_prog_cc_g=yes
ac_cv_prog_cxx_g=yes
ac_cv_prog_f77_g=no
ac_cv_prog_make_make_set=yes
ac_cv_sys_file_offset_bits=no
ac_cv_sys_largefile_CC=no
ac_cv_type__Bool=yes
ac_cv_type_int_fast16_t=yes
ac_cv_type_int_fast32_t=yes
ac_cv_type_int_fast64_t=yes
ac_cv_type_int_fast8_t=yes
ac_cv_type_mode_t=yes
ac_cv_type_off_t=yes
ac_cv_type_size_t=yes
ac_cv_type_uint_fast16_t=yes
ac_cv_type_uint_fast32_t=yes
ac_cv_type_uint_fast64_t=yes
ac_cv_type_uint_fast8_t=yes
am_cv_CC_dependencies_compiler_type=gcc3
am_cv_CXX_dependencies_compiler_type=gcc3
lt_cv_deplibs_check_method=pass_all
lt_cv_file_magic_cmd='$MAGIC_CMD'
lt_cv_file_magic_test_file=
lt_cv_ld_reload_flag=-r
lt_cv_objdir=.libs
lt_cv_path_LD=/usr/bin/ld
lt_cv_path_LDCXX='/usr/bin/ld -m elf_x86_64'
lt_cv_path_NM='/usr/bin/nm -B'
lt_cv_path_SED=/bin/sed
lt_cv_prog_compiler_c_o=yes
lt_cv_prog_compiler_c_o_CXX=yes
lt_cv_prog_compiler_rtti_exceptions=no
lt_cv_prog_gnu_ld=yes
lt_cv_prog_gnu_ldcxx=yes
lt_cv_sys_global_symbol_pipe='sed -n -e '\''s/^.*[ 	]\([ABCDGIRSTW][ABCDGIRSTW]*\)[ 	][ 	]*\([_A-Za-z][_A-Za-z0-9]*\)$/\1 \2 \2/p'\'''
lt_cv_sys_global_symbol_to_c_name_address='sed -n -e '\''s/^: \([^ ]*\) $/  {\"\1\", (lt_ptr) 0},/p'\'' -e '\''s/^[BCDEGRST] \([^ ]*\) \([^ ]*\)$/  {"\2", (lt_ptr) \&\2},/p'\'''
lt_cv_sys_global_symbol_to_cdecl='sed -n -e '\''s/^. .* \(.*\)$/extern int \1;/p'\'''
lt_cv_sys_max_cmd_len=32768
lt_lt_cv_prog_compiler_c_o='"yes"'
lt_lt_cv_prog_compiler_c_o_CXX='"yes"'
lt_lt_cv_sys_global_symbol_pipe='"sed -n -e '\''s/^.*[ 	]\\([ABCDGIRSTW][ABCDGIRSTW]*\\)[ 	][ 	]*\\([_A-Za-z][_A-Za-z0-9]*\\)\$/\\1 \\2 \\2/p'\''"'
lt_lt_cv_sys_global_symbol_to_c_name_address='"sed -n -e '\''s/^: \\([^ ]*\\) \$/  {\\\"\\1\\\", (lt_ptr) 0},/p'\'' -e '\''s/^[BCDEGRST] \\([^ ]*\\) \\([^ ]*\\)\$/  {\"\\2\", (lt_ptr) \\&\\2},/p'\''"'
lt_lt_cv_sys_global_symbol_to_cdecl='"sed -n -e '\''s/^. .* \\(.*\\)\$/extern int \\1;/p'\''"'

## ----------------- ##
## Output variables. ##
## ----------------- ##

ACLOCAL='${SHELL} /home/steven/cvs/RT2880/RT288x_SDK/toolchain/lzma-4.32.0beta5/missing --run aclocal-1.10'
AMDEPBACKSLASH='\'
AMDEP_FALSE='#'
AMDEP_TRUE=''
AMTAR='${SHELL} /home/steven/cvs/RT2880/RT288x_SDK/toolchain/lzma-4.32.0beta5/missing --run tar'
AR='ar'
AUTOCONF='${SHELL} /home/steven/cvs/RT2880/RT288x_SDK/toolchain/lzma-4.32.0beta5/missing --run autoconf'
AUTOHEADER='${SHELL} /home/steven/cvs/RT2880/RT288x_SDK/toolchain/lzma-4.32.0beta5/missing --run autoheader'
AUTOMAKE='${SHELL} /home/steven/cvs/RT2880/RT288x_SDK/toolchain/lzma-4.32.0beta5/missing --run automake-1.10'
AWK='gawk'
CC='gcc'
CCDEPMODE='depmode=gcc3'
CFLAGS='-g -O2'
CPP='gcc -E'
CPPFLAGS=''
CXX='g++'
CXXCPP='g++ -E'
CXXDEPMODE='depmode=gcc3'
CXXFLAGS='-g -O2'
CYGPATH_W='echo'
DEFS='-DHAVE_CONFIG_H'
DEPDIR='.deps'
ECHO='echo'
ECHO_C=''
ECHO_N='-n'
ECHO_T=''
EGREP='/bin/grep -E'
EXEEXT=''
F77='no'
FFLAGS=''
GREP='/bin/grep'
INSTALL_DATA='${INSTALL} -m 644'
INSTALL_PROGRAM='${INSTALL}'
INSTALL_SCRIPT='${INSTALL}'
INSTALL_STRIP_PROGRAM='$(install_sh) -c -s'
LDFLAGS=''
LIBOBJS=''
LIBS=''
LIBTOOL='$(SHELL) $(top_builddir)/libtool'
LN_S='ln -s'
LTLIBOBJS=''
MAKEINFO='${SHELL} /home/steven/cvs/RT2880/RT288x_SDK/toolchain/lzma-4.32.0beta5/missing --run makeinfo'
OBJEXT='o'
PACKAGE='lzma'
PACKAGE_BUGREPORT='lasse.collin@tukaani.org'
PACKAGE_NAME='LZMA'
PACKAGE_STRING='LZMA 4.32.0beta5'
PACKAGE_TARNAME='lzma'
PACKAGE_VERSION='4.32.0beta5'
PATH_SEPARATOR=':'
RANLIB='ranlib'
SDK_CFLAGS='-D_LZMA_IN_CB -D_LZMA_OUT_READ -D_LZMA_SYSTEM_SIZE_T -D_LZMA_PROB32'
SDK_CXXFLAGS='-DCOMPRESS_MF_BT -DCOMPRESS_MF_BT4 -DCOMPRESS_MF_HC'
SET_MAKE=''
SHELL='/bin/sh'
STRIP='strip'
VERSION='4.32.0beta5'
ac_ct_CC='gcc'
ac_ct_CXX='g++'
ac_ct_F77=''
am__fastdepCC_FALSE='#'
am__fastdepCC_TRUE=''
am__fastdepCXX_FALSE='#'
am__fastdepCXX_TRUE=''
am__include='include'
am__isrc=''
am__leading_dot='.'
am__quote=''
am__tar='${AMTAR} chof - "$$tardir"'
am__untar='${AMTAR} xf -'
bindir='${exec_prefix}/bin'
build='x86_64-unknown-linux-gnu'
build_alias=''
build_cpu='x86_64'
build_os='linux-gnu'
build_vendor='unknown'
datadir='${datarootdir}'
datarootdir='${prefix}/share'
docdir='${datarootdir}/doc/${PACKAGE_TARNAME}'
dvidir='${docdir}'
exec_prefix='${prefix}'
host='x86_64-unknown-linux-gnu'
host_alias=''
host_cpu='x86_64'
host_os='linux-gnu'
host_vendor='unknown'
htmldir='${docdir}'
includedir='${prefix}/include'
infodir='${datarootdir}/info'
install_sh='$(SHELL) /home/steven/cvs/RT2880/RT288x_SDK/toolchain/lzma-4.32.0beta5/install-sh'
libdir='${exec_prefix}/lib'
libexecdir='${exec_prefix}/libexec'
localedir='${datarootdir}/locale'
localstatedir='${prefix}/var'
mandir='${datarootdir}/man'
mkdir_p='/bin/mkdir -p'
oldincludedir='/usr/include'
pdfdir='${docdir}'
prefix='/usr/local'
program_transform_name='s,x,x,'
psdir='${docdir}'
sbindir='${exec_prefix}/sbin'
sharedstatedir='${prefix}/com'
sysconfdir='${prefix}/etc'
target_alias=''

## ----------- ##
## confdefs.h. ##
## ----------- ##

#define PACKAGE_NAME "LZMA"
#define PACKAGE_TARNAME "lzma"
#define PACKAGE_VERSION "4.32.0beta5"
#define PACKAGE_STRING "LZMA 4.32.0beta5"
#define PACKAGE_BUGREPORT "lasse.collin@tukaani.org"
#define NDEBUG 1
#define PACKAGE "lzma"
#define VERSION "4.32.0beta5"
#define STDC_HEADERS 1
#define HAVE_SYS_TYPES_H 1
#define HAVE_SYS_STAT_H 1
#define HAVE_STDLIB_H 1
#define HAVE_STRING_H 1
#define HAVE_MEMORY_H 1
#define HAVE_STRINGS_H 1
#define HAVE_INTTYPES_H 1
#define HAVE_STDINT_H 1
#define HAVE_UNISTD_H 1
#define HAVE_DLFCN_H 1
#define STDC_HEADERS 1
#define HAVE_FCNTL_H 1
#define HAVE_GETOPT_H 1
#define HAVE_INTTYPES_H 1
#define HAVE_STDDEF_H 1
#define HAVE_STDLIB_H 1
#define HAVE_STRING_H 1
#define HAVE_SYS_TIME_H 1
#define HAVE_UNISTD_H 1
#define HAVE_UTIME_H 1
#define HAVE_ERRNO_H 1
#define HAVE__BOOL 1
#define HAVE_STDBOOL_H 1
#define TIME_WITH_SYS_TIME 1
#define HAVE_STDLIB_H 1
#define HAVE_MALLOC 1
#define LSTAT_FOLLOWS_SLASHED_SYMLINK 1
#define HAVE_MEMMOVE 1
#define HAVE_STRDUP 1
#define HAVE_MEMSET 1
#define HAVE_STRERROR 1
#define HAVE_STRRCHR 1
#define HAVE_STRTOL 1
#define HAVE_FUTIMES 1

configure: exit 0
